<?xml version="1.0" encoding="UTF-8"?>
<!-- Generated by org.testng.reporters.JUnitReportReporter -->
<testsuite hostname="LAPTOP-EO03HQDD" failures="0" tests="1" name="testcases.DispenseNowTestcase" time="0.993" errors="0" timestamp="2020-12-13T20:49:46 SGT" skipped="0">
  <testcase classname="testcases.DispenseNowTestcase" name="dispesneNowTestcase" time="0.993"/>
  <system-out>
Dispense Now Dispense Now  </system-out>
</testsuite> <!-- testcases.DispenseNowTestcase -->
