<?xml version="1.0" encoding="UTF-8"?>
<!-- Generated by org.testng.reporters.JUnitReportReporter -->
<testsuite hostname="LAPTOP-EO03HQDD" failures="0" tests="10" name="testcases.CalculateRelief" time="0.047" errors="0" timestamp="2020-12-13T20:49:46 SGT" skipped="0">
  <testcase classname="testcases.CalculateRelief" name="calculateRelief" time="0.005"/>
  <system-out/>
  <testcase classname="testcases.CalculateRelief" name="calculateRelief" time="0.006"/>
  <system-out/>
  <testcase classname="testcases.CalculateRelief" name="calculateRelief" time="0.001"/>
  <system-out/>
  <testcase classname="testcases.CalculateRelief" name="calculateRelief" time="0.003"/>
  <system-out/>
  <testcase classname="testcases.CalculateRelief" name="calculateRelief" time="0.004"/>
  <system-out/>
  <testcase classname="testcases.CalculateRelief" name="calculateRelief" time="0.007"/>
  <system-out/>
  <testcase classname="testcases.CalculateRelief" name="calculateRelief" time="0.002"/>
  <system-out/>
  <testcase classname="testcases.CalculateRelief" name="calculateRelief" time="0.011"/>
  <system-out/>
  <testcase classname="testcases.CalculateRelief" name="calculateRelief" time="0.002"/>
  <system-out/>
  <testcase classname="testcases.CalculateRelief" name="calculateRelief" time="0.006"/>
  <system-out/>
</testsuite> <!-- testcases.CalculateRelief -->
