<?xml version="1.0" encoding="UTF-8"?>
<!-- Generated by org.testng.reporters.JUnitReportReporter -->
<testsuite hostname="LAPTOP-EO03HQDD" failures="0" tests="1" name="testcases.FileUploadTestcase" time="4.119" errors="0" timestamp="2020-12-13T20:49:46 SGT" skipped="0">
  <testcase classname="testcases.FileUploadTestcase" name="fileUploadTestcase" time="4.119"/>
  <system-out>
Waited for element Waited for element  </system-out>
</testsuite> <!-- testcases.FileUploadTestcase -->
