<?xml version="1.0" encoding="UTF-8"?>
<!-- Generated by org.testng.reporters.JUnitReportReporter -->
<testsuite hostname="LAPTOP-EO03HQDD" failures="0" tests="1" name="testcases.InsertUserTestcase" time="1.550" errors="0" timestamp="2020-12-13T20:49:46 SGT" skipped="0">
  <testcase classname="testcases.InsertUserTestcase" name="Insert" time="1.550"/>
  <system-out/>
</testsuite> <!-- testcases.InsertUserTestcase -->
